***LOG:  POCKY BE GOOD! y*
Wed Sep 06 2017 18:43:10 GMT-0500 (Central Daylight Time)2. Tweet: @netflix @JoshJacobson_ i like Netflix
Created at: Wed Sep 06 03:00:32 +0000 2017 
1. Tweet: pochinki is my city
Created at: Wed Sep 06 03:09:57 +0000 2017 
3. Tweet: ??? https://t.co/bLuGDxxKZj
Created at: Wed Sep 06 01:43:18 +0000 2017 
5. Tweet: @THE_ROMVN @Banks SO MANY FACTS ON TWITTER TODAY MY G
Created at: Tue Sep 05 20:16:29 +0000 2017 
4. Tweet: If you get a bigger bed you have more bed room but less bedroom...
Created at: Wed Sep 06 00:43:18 +0000 2017 
7. Tweet: @Banks is 99 ok?
Created at: Tue Sep 05 20:10:50 +0000 2017 
8. Tweet: @Banks World star
Created at: Tue Sep 05 20:05:57 +0000 2017 
9. Tweet: I paid $400,000 in taxes last year and all I got was a free trip back to Slovakia

#DefendDACA
Created at: Tue Sep 05 17:28:17 +0000 2017 
10. Tweet: "Stay real &amp; you'll be good..." 💯 @QWorldstar https://t.co/uaAZvwagGF
Created at: Tue Sep 05 12:57:48 +0000 2017 
12. Tweet: Being independent from networks is rough. Now I only get a 80/20 revenue split with myself..
Created at: Tue Sep 05 09:14:20 +0000 2017 
11. Tweet: First day of school struggles !! https://t.co/ExlScNBn7A
Created at: Tue Sep 05 10:54:25 +0000 2017 
14. Tweet: Do you think February can March? I don't know but April May...
Created at: Tue Sep 05 03:01:55 +0000 2017 
13. Tweet: Im actually really curious. Who are your favorite YouTube vloggers right now?  I've been finding @Banks 's content entertaining lately.
Created at: Tue Sep 05 03:05:29 +0000 2017 
6. Tweet: @Banks Facts
Created at: Tue Sep 05 20:15:22 +0000 2017 
15. Tweet: Make them regret ignoring you.
Created at: Tue Sep 05 00:04:06 +0000 2017 
17. Tweet: This might just become the biggest Youtube event in history! 4 heats. 40 cars! Below are confirmed drivers. Let's g… https://t.co/dascWbnhe4
Created at: Mon Sep 04 15:12:23 +0000 2017 
16. Tweet: 🎱https://t.co/ZSZMdrWVuH https://t.co/qHLpLC5nPa
Created at: Mon Sep 04 17:38:30 +0000 2017 
18. Tweet: @Banks dude ur sick a can we meetup again
Created at: Mon Sep 04 07:52:27 +0000 2017 
19. Tweet: I'm constantly just like: why am I even here?
Created at: Mon Sep 04 06:54:12 +0000 2017 
20. Tweet: @PostMalone https://t.co/0EPtcOogpZ
Created at: Sun Sep 03 23:18:47 +0000 2017 
END OF LINE.
 
